[0.017s] Invoking command in '/home/zajac/Documents/David/Davie-Robot-Arm/davie_ws/build/simulation': CMAKE_PREFIX_PATH=/opt/ros/humble /usr/bin/cmake /home/zajac/Documents/David/Davie-Robot-Arm/davie_ws/src/simulation -DCMAKE_INSTALL_PREFIX=/home/zajac/Documents/David/Davie-Robot-Arm/davie_ws/install/simulation
[0.121s] -- The C compiler identification is GNU 11.4.0
[0.193s] -- The CXX compiler identification is GNU 11.4.0
[0.200s] -- Detecting C compiler ABI info
[0.246s] -- Detecting C compiler ABI info - done
[0.256s] -- Check for working C compiler: /usr/bin/cc - skipped
[0.257s] -- Detecting C compile features
[0.257s] -- Detecting C compile features - done
[0.261s] -- Detecting CXX compiler ABI info
[0.316s] -- Detecting CXX compiler ABI info - done
[0.321s] -- Check for working CXX compiler: /usr/bin/c++ - skipped
[0.321s] -- Detecting CXX compile features
[0.321s] -- Detecting CXX compile features - done
[0.324s] -- Found ament_cmake: 1.3.12 (/opt/ros/humble/share/ament_cmake/cmake)
[0.424s] -- Found Python3: /usr/bin/python3 (found version "3.10.12") found components: Interpreter 
[0.475s] -- Found ament_lint_auto: 0.12.14 (/opt/ros/humble/share/ament_lint_auto/cmake)
[0.522s] -- Added test 'lint_cmake' to check CMake code style
[0.522s] -- Added test 'xmllint' to check XML markup files
[0.523s] -- Configuring done
[0.525s] -- Generating done
[0.526s] -- Build files have been written to: /home/zajac/Documents/David/Davie-Robot-Arm/davie_ws/build/simulation
