[0.014s] Invoking command in '/home/zajac/Documents/David/Davie-Robot-Arm/davie_ws/build/David_assembly_description': /usr/bin/cmake /home/zajac/Documents/David/Davie-Robot-Arm/davie_ws/src/David_assembly_description -DCATKIN_INSTALL_INTO_PREFIX_ROOT=0 -DCMAKE_INSTALL_PREFIX=/home/zajac/Documents/David/Davie-Robot-Arm/davie_ws/install/David_assembly_description
[0.035s] [0mCMake Deprecation Warning at CMakeLists.txt:1 (cmake_minimum_required):
[0.036s]   Compatibility with CMake < 2.8.12 will be removed from a future version of
[0.036s]   CMake.
[0.036s] 
[0.036s]   Update the VERSION argument <min> value or use a ...<max> suffix to tell
[0.036s]   CMake that the project does not need compatibility with older versions.
[0.036s] 
[0.036s] [0m
[0.132s] -- The C compiler identification is GNU 11.4.0
[0.204s] -- The CXX compiler identification is GNU 11.4.0
[0.210s] -- Detecting C compiler ABI info
[0.256s] -- Detecting C compiler ABI info - done
[0.267s] -- Check for working C compiler: /usr/bin/cc - skipped
[0.267s] -- Detecting C compile features
[0.268s] -- Detecting C compile features - done
[0.271s] -- Detecting CXX compiler ABI info
[0.326s] -- Detecting CXX compiler ABI info - done
[0.331s] -- Check for working CXX compiler: /usr/bin/c++ - skipped
[0.332s] -- Detecting CXX compile features
[0.332s] -- Detecting CXX compile features - done
[0.341s] [31mCMake Error at CMakeLists.txt:10 (find_package):
[0.341s]   By not providing "Findcatkin.cmake" in CMAKE_MODULE_PATH this project has
[0.341s]   asked CMake to find a package configuration file provided by "catkin", but
[0.341s]   CMake did not find one.
[0.341s] 
[0.341s]   Could not find a package configuration file provided by "catkin" with any
[0.341s]   of the following names:
[0.341s] 
[0.341s]     catkinConfig.cmake
[0.341s]     catkin-config.cmake
[0.341s] 
[0.341s]   Add the installation prefix of "catkin" to CMAKE_PREFIX_PATH or set
[0.341s]   "catkin_DIR" to a directory containing one of the above files.  If "catkin"
[0.341s]   provides a separate development package or SDK, be sure it has been
[0.341s]   installed.
[0.342s] 
[0.342s] [0m
[0.342s] -- Configuring incomplete, errors occurred!
[0.342s] See also "/home/zajac/Documents/David/Davie-Robot-Arm/davie_ws/build/David_assembly_description/CMakeFiles/CMakeOutput.log".
[0.343s] Invoked command in '/home/zajac/Documents/David/Davie-Robot-Arm/davie_ws/build/David_assembly_description' returned '1': /usr/bin/cmake /home/zajac/Documents/David/Davie-Robot-Arm/davie_ws/src/David_assembly_description -DCATKIN_INSTALL_INTO_PREFIX_ROOT=0 -DCMAKE_INSTALL_PREFIX=/home/zajac/Documents/David/Davie-Robot-Arm/davie_ws/install/David_assembly_description
