-- Install configuration: ""
-- Up-to-date: /home/zajac/Documents/David/Davie-Robot-Arm/davie_ws/install/david_assembly_description/share/david_assembly_description/launch
-- Up-to-date: /home/zajac/Documents/David/Davie-Robot-Arm/davie_ws/install/david_assembly_description/share/david_assembly_description/launch/display.launch
-- Installing: /home/zajac/Documents/David/Davie-Robot-Arm/davie_ws/install/david_assembly_description/share/david_assembly_description/launch/display.launch.py
-- Up-to-date: /home/zajac/Documents/David/Davie-Robot-Arm/davie_ws/install/david_assembly_description/share/david_assembly_description/launch/gazebo.launch
-- Up-to-date: /home/zajac/Documents/David/Davie-Robot-Arm/davie_ws/install/david_assembly_description/share/david_assembly_description/launch/controller.launch
-- Up-to-date: /home/zajac/Documents/David/Davie-Robot-Arm/davie_ws/install/david_assembly_description/share/david_assembly_description/launch/urdf.rviz
-- Up-to-date: /home/zajac/Documents/David/Davie-Robot-Arm/davie_ws/install/david_assembly_description/share/david_assembly_description/launch/controller.yaml
-- Up-to-date: /home/zajac/Documents/David/Davie-Robot-Arm/davie_ws/install/david_assembly_description/share/david_assembly_description/urdf
-- Up-to-date: /home/zajac/Documents/David/Davie-Robot-Arm/davie_ws/install/david_assembly_description/share/david_assembly_description/urdf/materials.xacro
-- Up-to-date: /home/zajac/Documents/David/Davie-Robot-Arm/davie_ws/install/david_assembly_description/share/david_assembly_description/urdf/David_assembly.gazebo
-- Up-to-date: /home/zajac/Documents/David/Davie-Robot-Arm/davie_ws/install/david_assembly_description/share/david_assembly_description/urdf/David_assembly.trans
-- Up-to-date: /home/zajac/Documents/David/Davie-Robot-Arm/davie_ws/install/david_assembly_description/share/david_assembly_description/urdf/David_assembly.xacro
-- Up-to-date: /home/zajac/Documents/David/Davie-Robot-Arm/davie_ws/install/david_assembly_description/share/david_assembly_description/meshes
-- Up-to-date: /home/zajac/Documents/David/Davie-Robot-Arm/davie_ws/install/david_assembly_description/share/david_assembly_description/meshes/base_link.stl
-- Up-to-date: /home/zajac/Documents/David/Davie-Robot-Arm/davie_ws/install/david_assembly_description/share/david_assembly_description/meshes/Arm3_1.stl
-- Up-to-date: /home/zajac/Documents/David/Davie-Robot-Arm/davie_ws/install/david_assembly_description/share/david_assembly_description/meshes/Arm1_1.stl
-- Up-to-date: /home/zajac/Documents/David/Davie-Robot-Arm/davie_ws/install/david_assembly_description/share/david_assembly_description/meshes/Arm2_1.stl
-- Up-to-date: /home/zajac/Documents/David/Davie-Robot-Arm/davie_ws/install/david_assembly_description/share/david_assembly_description/meshes/Rotation_axis_1.stl
-- Up-to-date: /home/zajac/Documents/David/Davie-Robot-Arm/davie_ws/install/david_assembly_description/share/ament_index/resource_index/package_run_dependencies/david_assembly_description
-- Up-to-date: /home/zajac/Documents/David/Davie-Robot-Arm/davie_ws/install/david_assembly_description/share/ament_index/resource_index/parent_prefix_path/david_assembly_description
-- Up-to-date: /home/zajac/Documents/David/Davie-Robot-Arm/davie_ws/install/david_assembly_description/share/david_assembly_description/environment/ament_prefix_path.sh
-- Up-to-date: /home/zajac/Documents/David/Davie-Robot-Arm/davie_ws/install/david_assembly_description/share/david_assembly_description/environment/ament_prefix_path.dsv
-- Up-to-date: /home/zajac/Documents/David/Davie-Robot-Arm/davie_ws/install/david_assembly_description/share/david_assembly_description/environment/path.sh
-- Up-to-date: /home/zajac/Documents/David/Davie-Robot-Arm/davie_ws/install/david_assembly_description/share/david_assembly_description/environment/path.dsv
-- Up-to-date: /home/zajac/Documents/David/Davie-Robot-Arm/davie_ws/install/david_assembly_description/share/david_assembly_description/local_setup.bash
-- Up-to-date: /home/zajac/Documents/David/Davie-Robot-Arm/davie_ws/install/david_assembly_description/share/david_assembly_description/local_setup.sh
-- Up-to-date: /home/zajac/Documents/David/Davie-Robot-Arm/davie_ws/install/david_assembly_description/share/david_assembly_description/local_setup.zsh
-- Up-to-date: /home/zajac/Documents/David/Davie-Robot-Arm/davie_ws/install/david_assembly_description/share/david_assembly_description/local_setup.dsv
-- Up-to-date: /home/zajac/Documents/David/Davie-Robot-Arm/davie_ws/install/david_assembly_description/share/david_assembly_description/package.dsv
-- Up-to-date: /home/zajac/Documents/David/Davie-Robot-Arm/davie_ws/install/david_assembly_description/share/ament_index/resource_index/packages/david_assembly_description
-- Up-to-date: /home/zajac/Documents/David/Davie-Robot-Arm/davie_ws/install/david_assembly_description/share/david_assembly_description/cmake/david_assembly_descriptionConfig.cmake
-- Up-to-date: /home/zajac/Documents/David/Davie-Robot-Arm/davie_ws/install/david_assembly_description/share/david_assembly_description/cmake/david_assembly_descriptionConfig-version.cmake
-- Up-to-date: /home/zajac/Documents/David/Davie-Robot-Arm/davie_ws/install/david_assembly_description/share/david_assembly_description/package.xml
