[0.007s] Invoking command in '/home/zajac/Documents/David/Davie-Robot-Arm/davie_ws/build/my_package': CMAKE_PREFIX_PATH=/opt/ros/humble /usr/bin/cmake /home/zajac/Documents/David/Davie-Robot-Arm/davie_ws/src/my_package -DAMENT_CMAKE_SYMLINK_INSTALL=1 -DCMAKE_INSTALL_PREFIX=/home/zajac/Documents/David/Davie-Robot-Arm/davie_ws/install/my_package
[0.119s] -- The C compiler identification is GNU 11.4.0
[0.194s] -- The CXX compiler identification is GNU 11.4.0
[0.204s] -- Detecting C compiler ABI info
[0.247s] -- Detecting C compiler ABI info - done
[0.252s] -- Check for working C compiler: /usr/bin/cc - skipped
[0.253s] -- Detecting C compile features
[0.254s] -- Detecting C compile features - done
[0.257s] -- Detecting CXX compiler ABI info
[0.308s] -- Detecting CXX compiler ABI info - done
[0.314s] -- Check for working CXX compiler: /usr/bin/c++ - skipped
[0.314s] -- Detecting CXX compile features
[0.314s] -- Detecting CXX compile features - done
[0.325s] -- Found ament_cmake: 1.3.12 (/opt/ros/humble/share/ament_cmake/cmake)
[0.434s] -- Found Python3: /usr/bin/python3 (found version "3.10.12") found components: Interpreter 
[0.484s] -- Override CMake install command with custom implementation using symlinks instead of copying resources
[0.516s] -- Found ament_lint_auto: 0.12.14 (/opt/ros/humble/share/ament_lint_auto/cmake)
[0.574s] -- Added test 'flake8' to check Python code syntax and style conventions
[0.574s] -- Added test 'lint_cmake' to check CMake code style
[0.575s] -- Added test 'pep257' to check Python code against some of the docstring style conventions in PEP 257
[0.576s] -- Added test 'xmllint' to check XML markup files
[0.578s] -- Configuring done
[0.579s] -- Generating done
[0.580s] -- Build files have been written to: /home/zajac/Documents/David/Davie-Robot-Arm/davie_ws/build/my_package
[0.583s] Invoked command in '/home/zajac/Documents/David/Davie-Robot-Arm/davie_ws/build/my_package' returned '0': CMAKE_PREFIX_PATH=/opt/ros/humble /usr/bin/cmake /home/zajac/Documents/David/Davie-Robot-Arm/davie_ws/src/my_package -DAMENT_CMAKE_SYMLINK_INSTALL=1 -DCMAKE_INSTALL_PREFIX=/home/zajac/Documents/David/Davie-Robot-Arm/davie_ws/install/my_package
[0.585s] Invoking command in '/home/zajac/Documents/David/Davie-Robot-Arm/davie_ws/build/my_package': CMAKE_PREFIX_PATH=/opt/ros/humble /usr/bin/cmake --build /home/zajac/Documents/David/Davie-Robot-Arm/davie_ws/build/my_package -- -j12 -l12
[0.607s] Invoked command in '/home/zajac/Documents/David/Davie-Robot-Arm/davie_ws/build/my_package' returned '0': CMAKE_PREFIX_PATH=/opt/ros/humble /usr/bin/cmake --build /home/zajac/Documents/David/Davie-Robot-Arm/davie_ws/build/my_package -- -j12 -l12
[0.614s] Invoking command in '/home/zajac/Documents/David/Davie-Robot-Arm/davie_ws/build/my_package': CMAKE_PREFIX_PATH=/opt/ros/humble /usr/bin/cmake --install /home/zajac/Documents/David/Davie-Robot-Arm/davie_ws/build/my_package
[0.618s] -- Install configuration: ""
[0.618s] -- Execute custom install script
[0.619s] -- Symlinking: /home/zajac/Documents/David/Davie-Robot-Arm/davie_ws/install/my_package/share/my_package/launch/listener.launch.py
[0.624s] -- Symlinking: /home/zajac/Documents/David/Davie-Robot-Arm/davie_ws/install/my_package/share/my_package/launch/talker.launch.py
[0.629s] -- Symlinking: /home/zajac/Documents/David/Davie-Robot-Arm/davie_ws/install/my_package/share/ament_index/resource_index/package_run_dependencies/my_package
[0.634s] -- Symlinking: /home/zajac/Documents/David/Davie-Robot-Arm/davie_ws/install/my_package/share/ament_index/resource_index/parent_prefix_path/my_package
[0.640s] -- Symlinking: /home/zajac/Documents/David/Davie-Robot-Arm/davie_ws/install/my_package/share/my_package/environment/ament_prefix_path.sh
[0.644s] -- Symlinking: /home/zajac/Documents/David/Davie-Robot-Arm/davie_ws/install/my_package/share/my_package/environment/ament_prefix_path.dsv
[0.649s] -- Symlinking: /home/zajac/Documents/David/Davie-Robot-Arm/davie_ws/install/my_package/share/my_package/environment/path.sh
[0.654s] -- Symlinking: /home/zajac/Documents/David/Davie-Robot-Arm/davie_ws/install/my_package/share/my_package/environment/path.dsv
[0.659s] -- Symlinking: /home/zajac/Documents/David/Davie-Robot-Arm/davie_ws/install/my_package/share/my_package/local_setup.bash
[0.664s] -- Symlinking: /home/zajac/Documents/David/Davie-Robot-Arm/davie_ws/install/my_package/share/my_package/local_setup.sh
[0.668s] -- Symlinking: /home/zajac/Documents/David/Davie-Robot-Arm/davie_ws/install/my_package/share/my_package/local_setup.zsh
[0.673s] -- Symlinking: /home/zajac/Documents/David/Davie-Robot-Arm/davie_ws/install/my_package/share/my_package/local_setup.dsv
[0.678s] -- Symlinking: /home/zajac/Documents/David/Davie-Robot-Arm/davie_ws/install/my_package/share/my_package/package.dsv
[0.683s] -- Symlinking: /home/zajac/Documents/David/Davie-Robot-Arm/davie_ws/install/my_package/share/ament_index/resource_index/packages/my_package
[0.688s] -- Symlinking: /home/zajac/Documents/David/Davie-Robot-Arm/davie_ws/install/my_package/share/my_package/cmake/my_packageConfig.cmake
[0.693s] -- Symlinking: /home/zajac/Documents/David/Davie-Robot-Arm/davie_ws/install/my_package/share/my_package/cmake/my_packageConfig-version.cmake
[0.698s] -- Symlinking: /home/zajac/Documents/David/Davie-Robot-Arm/davie_ws/install/my_package/share/my_package/package.xml
[0.704s] Invoked command in '/home/zajac/Documents/David/Davie-Robot-Arm/davie_ws/build/my_package' returned '0': CMAKE_PREFIX_PATH=/opt/ros/humble /usr/bin/cmake --install /home/zajac/Documents/David/Davie-Robot-Arm/davie_ws/build/my_package
