[0.007s] Invoking command in '/home/zajac/Documents/David/Davie-Robot-Arm/davie_ws/build/david_assembly_description': CMAKE_PREFIX_PATH=${CMAKE_PREFIX_PATH}:/opt/ros/humble /usr/bin/cmake --build /home/zajac/Documents/David/Davie-Robot-Arm/davie_ws/build/david_assembly_description -- -j12 -l12
[0.031s] Invoked command in '/home/zajac/Documents/David/Davie-Robot-Arm/davie_ws/build/david_assembly_description' returned '0': CMAKE_PREFIX_PATH=${CMAKE_PREFIX_PATH}:/opt/ros/humble /usr/bin/cmake --build /home/zajac/Documents/David/Davie-Robot-Arm/davie_ws/build/david_assembly_description -- -j12 -l12
[0.038s] Invoking command in '/home/zajac/Documents/David/Davie-Robot-Arm/davie_ws/build/david_assembly_description': CMAKE_PREFIX_PATH=${CMAKE_PREFIX_PATH}:/opt/ros/humble /usr/bin/cmake --install /home/zajac/Documents/David/Davie-Robot-Arm/davie_ws/build/david_assembly_description
[0.042s] -- Install configuration: ""
[0.042s] -- Up-to-date: /home/zajac/Documents/David/Davie-Robot-Arm/davie_ws/install/david_assembly_description/share/david_assembly_description/launch
[0.042s] -- Up-to-date: /home/zajac/Documents/David/Davie-Robot-Arm/davie_ws/install/david_assembly_description/share/david_assembly_description/launch/display.launch
[0.043s] -- Installing: /home/zajac/Documents/David/Davie-Robot-Arm/davie_ws/install/david_assembly_description/share/david_assembly_description/launch/display.launch.py
[0.043s] -- Up-to-date: /home/zajac/Documents/David/Davie-Robot-Arm/davie_ws/install/david_assembly_description/share/david_assembly_description/launch/gazebo.launch
[0.043s] -- Up-to-date: /home/zajac/Documents/David/Davie-Robot-Arm/davie_ws/install/david_assembly_description/share/david_assembly_description/launch/controller.launch
[0.043s] -- Up-to-date: /home/zajac/Documents/David/Davie-Robot-Arm/davie_ws/install/david_assembly_description/share/david_assembly_description/launch/controller.yaml
[0.043s] -- Up-to-date: /home/zajac/Documents/David/Davie-Robot-Arm/davie_ws/install/david_assembly_description/share/david_assembly_description/urdf
[0.043s] -- Installing: /home/zajac/Documents/David/Davie-Robot-Arm/davie_ws/install/david_assembly_description/share/david_assembly_description/urdf/david_assembly.xacro
[0.043s] -- Installing: /home/zajac/Documents/David/Davie-Robot-Arm/davie_ws/install/david_assembly_description/share/david_assembly_description/urdf/david_assembly.gazebo
[0.043s] -- Installing: /home/zajac/Documents/David/Davie-Robot-Arm/davie_ws/install/david_assembly_description/share/david_assembly_description/urdf/materials.xacro
[0.043s] -- Installing: /home/zajac/Documents/David/Davie-Robot-Arm/davie_ws/install/david_assembly_description/share/david_assembly_description/urdf/david_assembly.trans
[0.043s] -- Up-to-date: /home/zajac/Documents/David/Davie-Robot-Arm/davie_ws/install/david_assembly_description/share/david_assembly_description/meshes
[0.043s] -- Up-to-date: /home/zajac/Documents/David/Davie-Robot-Arm/davie_ws/install/david_assembly_description/share/david_assembly_description/meshes/base_link.stl
[0.043s] -- Up-to-date: /home/zajac/Documents/David/Davie-Robot-Arm/davie_ws/install/david_assembly_description/share/david_assembly_description/meshes/Arm3_1.stl
[0.043s] -- Up-to-date: /home/zajac/Documents/David/Davie-Robot-Arm/davie_ws/install/david_assembly_description/share/david_assembly_description/meshes/Arm1_1.stl
[0.043s] -- Up-to-date: /home/zajac/Documents/David/Davie-Robot-Arm/davie_ws/install/david_assembly_description/share/david_assembly_description/meshes/Arm2_1.stl
[0.043s] -- Up-to-date: /home/zajac/Documents/David/Davie-Robot-Arm/davie_ws/install/david_assembly_description/share/david_assembly_description/meshes/Rotation_axis_1.stl
[0.044s] -- Up-to-date: /home/zajac/Documents/David/Davie-Robot-Arm/davie_ws/install/david_assembly_description/share/ament_index/resource_index/package_run_dependencies/david_assembly_description
[0.044s] -- Up-to-date: /home/zajac/Documents/David/Davie-Robot-Arm/davie_ws/install/david_assembly_description/share/ament_index/resource_index/parent_prefix_path/david_assembly_description
[0.044s] -- Up-to-date: /home/zajac/Documents/David/Davie-Robot-Arm/davie_ws/install/david_assembly_description/share/david_assembly_description/environment/ament_prefix_path.sh
[0.044s] -- Up-to-date: /home/zajac/Documents/David/Davie-Robot-Arm/davie_ws/install/david_assembly_description/share/david_assembly_description/environment/ament_prefix_path.dsv
[0.044s] -- Up-to-date: /home/zajac/Documents/David/Davie-Robot-Arm/davie_ws/install/david_assembly_description/share/david_assembly_description/environment/path.sh
[0.044s] -- Up-to-date: /home/zajac/Documents/David/Davie-Robot-Arm/davie_ws/install/david_assembly_description/share/david_assembly_description/environment/path.dsv
[0.044s] -- Up-to-date: /home/zajac/Documents/David/Davie-Robot-Arm/davie_ws/install/david_assembly_description/share/david_assembly_description/local_setup.bash
[0.044s] -- Up-to-date: /home/zajac/Documents/David/Davie-Robot-Arm/davie_ws/install/david_assembly_description/share/david_assembly_description/local_setup.sh
[0.044s] -- Up-to-date: /home/zajac/Documents/David/Davie-Robot-Arm/davie_ws/install/david_assembly_description/share/david_assembly_description/local_setup.zsh
[0.044s] -- Up-to-date: /home/zajac/Documents/David/Davie-Robot-Arm/davie_ws/install/david_assembly_description/share/david_assembly_description/local_setup.dsv
[0.044s] -- Installing: /home/zajac/Documents/David/Davie-Robot-Arm/davie_ws/install/david_assembly_description/share/david_assembly_description/package.dsv
[0.044s] -- Up-to-date: /home/zajac/Documents/David/Davie-Robot-Arm/davie_ws/install/david_assembly_description/share/ament_index/resource_index/packages/david_assembly_description
[0.044s] -- Up-to-date: /home/zajac/Documents/David/Davie-Robot-Arm/davie_ws/install/david_assembly_description/share/david_assembly_description/cmake/david_assembly_descriptionConfig.cmake
[0.044s] -- Up-to-date: /home/zajac/Documents/David/Davie-Robot-Arm/davie_ws/install/david_assembly_description/share/david_assembly_description/cmake/david_assembly_descriptionConfig-version.cmake
[0.044s] -- Up-to-date: /home/zajac/Documents/David/Davie-Robot-Arm/davie_ws/install/david_assembly_description/share/david_assembly_description/package.xml
[0.046s] Invoked command in '/home/zajac/Documents/David/Davie-Robot-Arm/davie_ws/build/david_assembly_description' returned '0': CMAKE_PREFIX_PATH=${CMAKE_PREFIX_PATH}:/opt/ros/humble /usr/bin/cmake --install /home/zajac/Documents/David/Davie-Robot-Arm/davie_ws/build/david_assembly_description
