[0.007s] Invoking command in '/home/zajac/Documents/David/Davie-Robot-Arm/davie_ws/build/David_assembly_description': /usr/bin/cmake /home/zajac/Documents/David/Davie-Robot-Arm/davie_ws/src/David_assembly_description -DCATKIN_INSTALL_INTO_PREFIX_ROOT=0 -DCMAKE_INSTALL_PREFIX=/home/zajac/Documents/David/Davie-Robot-Arm/davie_ws/install/David_assembly_description
[0.012s] [0mCMake Deprecation Warning at CMakeLists.txt:1 (cmake_minimum_required):
[0.012s]   Compatibility with CMake < 2.8.12 will be removed from a future version of
[0.012s]   CMake.
[0.012s] 
[0.012s]   Update the VERSION argument <min> value or use a ...<max> suffix to tell
[0.012s]   CMake that the project does not need compatibility with older versions.
[0.012s] 
[0.012s] [0m
[0.022s] [31mCMake Error at CMakeLists.txt:10 (find_package):
[0.022s]   By not providing "Findcatkin.cmake" in CMAKE_MODULE_PATH this project has
[0.022s]   asked CMake to find a package configuration file provided by "catkin", but
[0.022s]   CMake did not find one.
[0.022s] 
[0.022s]   Could not find a package configuration file provided by "catkin" with any
[0.022s]   of the following names:
[0.022s] 
[0.022s]     catkinConfig.cmake
[0.022s]     catkin-config.cmake
[0.023s] 
[0.023s]   Add the installation prefix of "catkin" to CMAKE_PREFIX_PATH or set
[0.023s]   "catkin_DIR" to a directory containing one of the above files.  If "catkin"
[0.023s]   provides a separate development package or SDK, be sure it has been
[0.023s]   installed.
[0.023s] 
[0.023s] [0m
[0.023s] -- Configuring incomplete, errors occurred!
[0.023s] See also "/home/zajac/Documents/David/Davie-Robot-Arm/davie_ws/build/David_assembly_description/CMakeFiles/CMakeOutput.log".
[0.024s] Invoked command in '/home/zajac/Documents/David/Davie-Robot-Arm/davie_ws/build/David_assembly_description' returned '1': /usr/bin/cmake /home/zajac/Documents/David/Davie-Robot-Arm/davie_ws/src/David_assembly_description -DCATKIN_INSTALL_INTO_PREFIX_ROOT=0 -DCMAKE_INSTALL_PREFIX=/home/zajac/Documents/David/Davie-Robot-Arm/davie_ws/install/David_assembly_description
