[0.006s] Invoking command in '/home/zajac/Documents/David/Davie-Robot-Arm/davie_ws/build/david_assembly_description': CMAKE_PREFIX_PATH=/opt/ros/humble /usr/bin/cmake /home/zajac/Documents/David/Davie-Robot-Arm/davie_ws/src/david_assembly_description -DCMAKE_INSTALL_PREFIX=/home/zajac/Documents/David/Davie-Robot-Arm/davie_ws/install/david_assembly_description
[0.041s] -- The C compiler identification is GNU 11.4.0
[0.076s] -- The CXX compiler identification is GNU 11.4.0
[0.080s] -- Detecting C compiler ABI info
[0.137s] -- Detecting C compiler ABI info - done
[0.143s] -- Check for working C compiler: /usr/bin/cc - skipped
[0.143s] -- Detecting C compile features
[0.143s] -- Detecting C compile features - done
[0.145s] -- Detecting CXX compiler ABI info
[0.200s] -- Detecting CXX compiler ABI info - done
[0.204s] -- Check for working CXX compiler: /usr/bin/c++ - skipped
[0.205s] -- Detecting CXX compile features
[0.205s] -- Detecting CXX compile features - done
[0.206s] -- Found ament_cmake: 1.3.12 (/opt/ros/humble/share/ament_cmake/cmake)
[0.300s] -- Found Python3: /usr/bin/python3 (found version "3.10.12") found components: Interpreter 
[0.390s] -- Configuring done
[0.392s] -- Generating done
[0.393s] -- Build files have been written to: /home/zajac/Documents/David/Davie-Robot-Arm/davie_ws/build/david_assembly_description
[0.396s] Invoked command in '/home/zajac/Documents/David/Davie-Robot-Arm/davie_ws/build/david_assembly_description' returned '0': CMAKE_PREFIX_PATH=/opt/ros/humble /usr/bin/cmake /home/zajac/Documents/David/Davie-Robot-Arm/davie_ws/src/david_assembly_description -DCMAKE_INSTALL_PREFIX=/home/zajac/Documents/David/Davie-Robot-Arm/davie_ws/install/david_assembly_description
[0.397s] Invoking command in '/home/zajac/Documents/David/Davie-Robot-Arm/davie_ws/build/david_assembly_description': CMAKE_PREFIX_PATH=/opt/ros/humble /usr/bin/cmake --build /home/zajac/Documents/David/Davie-Robot-Arm/davie_ws/build/david_assembly_description -- -j12 -l12
[0.422s] Invoked command in '/home/zajac/Documents/David/Davie-Robot-Arm/davie_ws/build/david_assembly_description' returned '0': CMAKE_PREFIX_PATH=/opt/ros/humble /usr/bin/cmake --build /home/zajac/Documents/David/Davie-Robot-Arm/davie_ws/build/david_assembly_description -- -j12 -l12
[0.429s] Invoking command in '/home/zajac/Documents/David/Davie-Robot-Arm/davie_ws/build/david_assembly_description': CMAKE_PREFIX_PATH=/opt/ros/humble /usr/bin/cmake --install /home/zajac/Documents/David/Davie-Robot-Arm/davie_ws/build/david_assembly_description
[0.433s] -- Install configuration: ""
[0.433s] -- Installing: /home/zajac/Documents/David/Davie-Robot-Arm/davie_ws/install/david_assembly_description/share/david_assembly_description/launch
[0.433s] -- Installing: /home/zajac/Documents/David/Davie-Robot-Arm/davie_ws/install/david_assembly_description/share/david_assembly_description/launch/display.launch
[0.433s] -- Installing: /home/zajac/Documents/David/Davie-Robot-Arm/davie_ws/install/david_assembly_description/share/david_assembly_description/launch/gazebo.launch
[0.433s] -- Installing: /home/zajac/Documents/David/Davie-Robot-Arm/davie_ws/install/david_assembly_description/share/david_assembly_description/launch/controller.launch
[0.433s] -- Installing: /home/zajac/Documents/David/Davie-Robot-Arm/davie_ws/install/david_assembly_description/share/david_assembly_description/launch/urdf.rviz
[0.433s] -- Installing: /home/zajac/Documents/David/Davie-Robot-Arm/davie_ws/install/david_assembly_description/share/david_assembly_description/launch/controller.yaml
[0.433s] -- Installing: /home/zajac/Documents/David/Davie-Robot-Arm/davie_ws/install/david_assembly_description/share/david_assembly_description/urdf
[0.434s] -- Installing: /home/zajac/Documents/David/Davie-Robot-Arm/davie_ws/install/david_assembly_description/share/david_assembly_description/urdf/materials.xacro
[0.434s] -- Installing: /home/zajac/Documents/David/Davie-Robot-Arm/davie_ws/install/david_assembly_description/share/david_assembly_description/urdf/David_assembly.gazebo
[0.434s] -- Installing: /home/zajac/Documents/David/Davie-Robot-Arm/davie_ws/install/david_assembly_description/share/david_assembly_description/urdf/David_assembly.trans
[0.434s] -- Installing: /home/zajac/Documents/David/Davie-Robot-Arm/davie_ws/install/david_assembly_description/share/david_assembly_description/urdf/David_assembly.xacro
[0.434s] -- Installing: /home/zajac/Documents/David/Davie-Robot-Arm/davie_ws/install/david_assembly_description/share/david_assembly_description/meshes
[0.434s] -- Installing: /home/zajac/Documents/David/Davie-Robot-Arm/davie_ws/install/david_assembly_description/share/david_assembly_description/meshes/base_link.stl
[0.434s] -- Installing: /home/zajac/Documents/David/Davie-Robot-Arm/davie_ws/install/david_assembly_description/share/david_assembly_description/meshes/Arm3_1.stl
[0.434s] -- Installing: /home/zajac/Documents/David/Davie-Robot-Arm/davie_ws/install/david_assembly_description/share/david_assembly_description/meshes/Arm1_1.stl
[0.435s] -- Installing: /home/zajac/Documents/David/Davie-Robot-Arm/davie_ws/install/david_assembly_description/share/david_assembly_description/meshes/Arm2_1.stl
[0.435s] -- Installing: /home/zajac/Documents/David/Davie-Robot-Arm/davie_ws/install/david_assembly_description/share/david_assembly_description/meshes/Rotation_axis_1.stl
[0.435s] -- Installing: /home/zajac/Documents/David/Davie-Robot-Arm/davie_ws/install/david_assembly_description/share/ament_index/resource_index/package_run_dependencies/david_assembly_description
[0.435s] -- Installing: /home/zajac/Documents/David/Davie-Robot-Arm/davie_ws/install/david_assembly_description/share/ament_index/resource_index/parent_prefix_path/david_assembly_description
[0.436s] -- Installing: /home/zajac/Documents/David/Davie-Robot-Arm/davie_ws/install/david_assembly_description/share/david_assembly_description/environment/ament_prefix_path.sh
[0.436s] -- Installing: /home/zajac/Documents/David/Davie-Robot-Arm/davie_ws/install/david_assembly_description/share/david_assembly_description/environment/ament_prefix_path.dsv
[0.436s] -- Installing: /home/zajac/Documents/David/Davie-Robot-Arm/davie_ws/install/david_assembly_description/share/david_assembly_description/environment/path.sh
[0.436s] -- Installing: /home/zajac/Documents/David/Davie-Robot-Arm/davie_ws/install/david_assembly_description/share/david_assembly_description/environment/path.dsv
[0.436s] -- Installing: /home/zajac/Documents/David/Davie-Robot-Arm/davie_ws/install/david_assembly_description/share/david_assembly_description/local_setup.bash
[0.436s] -- Installing: /home/zajac/Documents/David/Davie-Robot-Arm/davie_ws/install/david_assembly_description/share/david_assembly_description/local_setup.sh
[0.436s] -- Installing: /home/zajac/Documents/David/Davie-Robot-Arm/davie_ws/install/david_assembly_description/share/david_assembly_description/local_setup.zsh
[0.436s] -- Installing: /home/zajac/Documents/David/Davie-Robot-Arm/davie_ws/install/david_assembly_description/share/david_assembly_description/local_setup.dsv
[0.436s] -- Installing: /home/zajac/Documents/David/Davie-Robot-Arm/davie_ws/install/david_assembly_description/share/david_assembly_description/package.dsv
[0.436s] -- Installing: /home/zajac/Documents/David/Davie-Robot-Arm/davie_ws/install/david_assembly_description/share/ament_index/resource_index/packages/david_assembly_description
[0.436s] -- Installing: /home/zajac/Documents/David/Davie-Robot-Arm/davie_ws/install/david_assembly_description/share/david_assembly_description/cmake/david_assembly_descriptionConfig.cmake
[0.436s] -- Installing: /home/zajac/Documents/David/Davie-Robot-Arm/davie_ws/install/david_assembly_description/share/david_assembly_description/cmake/david_assembly_descriptionConfig-version.cmake
[0.436s] -- Installing: /home/zajac/Documents/David/Davie-Robot-Arm/davie_ws/install/david_assembly_description/share/david_assembly_description/package.xml
[0.438s] Invoked command in '/home/zajac/Documents/David/Davie-Robot-Arm/davie_ws/build/david_assembly_description' returned '0': CMAKE_PREFIX_PATH=/opt/ros/humble /usr/bin/cmake --install /home/zajac/Documents/David/Davie-Robot-Arm/davie_ws/build/david_assembly_description
