[0.017s] Invoking command in '/home/zajac/Documents/David/Davie-Robot-Arm/davie_ws/build/my_package': CMAKE_PREFIX_PATH=/opt/ros/humble /usr/bin/cmake /home/zajac/Documents/David/Davie-Robot-Arm/davie_ws/src/my_package -DCMAKE_INSTALL_PREFIX=/home/zajac/Documents/David/Davie-Robot-Arm/davie_ws/install/my_package
[0.040s] -- Found ament_cmake: 1.3.12 (/opt/ros/humble/share/ament_cmake/cmake)
[0.181s] -- Override CMake install command with custom implementation using symlinks instead of copying resources
[0.209s] -- Found ament_lint_auto: 0.12.14 (/opt/ros/humble/share/ament_lint_auto/cmake)
[0.272s] -- Added test 'flake8' to check Python code syntax and style conventions
[0.273s] -- Added test 'lint_cmake' to check CMake code style
[0.273s] -- Added test 'pep257' to check Python code against some of the docstring style conventions in PEP 257
[0.274s] -- Added test 'xmllint' to check XML markup files
[0.277s] -- Configuring done
[0.283s] -- Generating done
[0.285s] -- Build files have been written to: /home/zajac/Documents/David/Davie-Robot-Arm/davie_ws/build/my_package
[0.287s] Invoked command in '/home/zajac/Documents/David/Davie-Robot-Arm/davie_ws/build/my_package' returned '0': CMAKE_PREFIX_PATH=/opt/ros/humble /usr/bin/cmake /home/zajac/Documents/David/Davie-Robot-Arm/davie_ws/src/my_package -DCMAKE_INSTALL_PREFIX=/home/zajac/Documents/David/Davie-Robot-Arm/davie_ws/install/my_package
[0.288s] Invoking command in '/home/zajac/Documents/David/Davie-Robot-Arm/davie_ws/build/my_package': CMAKE_PREFIX_PATH=/opt/ros/humble /usr/bin/cmake --build /home/zajac/Documents/David/Davie-Robot-Arm/davie_ws/build/my_package -- -j12 -l12
[0.311s] Invoked command in '/home/zajac/Documents/David/Davie-Robot-Arm/davie_ws/build/my_package' returned '0': CMAKE_PREFIX_PATH=/opt/ros/humble /usr/bin/cmake --build /home/zajac/Documents/David/Davie-Robot-Arm/davie_ws/build/my_package -- -j12 -l12
[0.318s] Invoking command in '/home/zajac/Documents/David/Davie-Robot-Arm/davie_ws/build/my_package': CMAKE_PREFIX_PATH=/opt/ros/humble /usr/bin/cmake --install /home/zajac/Documents/David/Davie-Robot-Arm/davie_ws/build/my_package
[0.323s] -- Install configuration: ""
[0.323s] -- Execute custom install script
[0.324s] -- Up-to-date symlink: /home/zajac/Documents/David/Davie-Robot-Arm/davie_ws/install/my_package/share/my_package/launch/listener.launch.py
[0.325s] -- Up-to-date symlink: /home/zajac/Documents/David/Davie-Robot-Arm/davie_ws/install/my_package/share/my_package/launch/talker.launch.py
[0.326s] -- Up-to-date symlink: /home/zajac/Documents/David/Davie-Robot-Arm/davie_ws/install/my_package/share/ament_index/resource_index/package_run_dependencies/my_package
[0.326s] -- Up-to-date symlink: /home/zajac/Documents/David/Davie-Robot-Arm/davie_ws/install/my_package/share/ament_index/resource_index/parent_prefix_path/my_package
[0.327s] -- Up-to-date symlink: /home/zajac/Documents/David/Davie-Robot-Arm/davie_ws/install/my_package/share/my_package/environment/ament_prefix_path.sh
[0.327s] -- Up-to-date symlink: /home/zajac/Documents/David/Davie-Robot-Arm/davie_ws/install/my_package/share/my_package/environment/ament_prefix_path.dsv
[0.327s] -- Up-to-date symlink: /home/zajac/Documents/David/Davie-Robot-Arm/davie_ws/install/my_package/share/my_package/environment/path.sh
[0.328s] -- Up-to-date symlink: /home/zajac/Documents/David/Davie-Robot-Arm/davie_ws/install/my_package/share/my_package/environment/path.dsv
[0.328s] -- Up-to-date symlink: /home/zajac/Documents/David/Davie-Robot-Arm/davie_ws/install/my_package/share/my_package/local_setup.bash
[0.328s] -- Up-to-date symlink: /home/zajac/Documents/David/Davie-Robot-Arm/davie_ws/install/my_package/share/my_package/local_setup.sh
[0.328s] -- Up-to-date symlink: /home/zajac/Documents/David/Davie-Robot-Arm/davie_ws/install/my_package/share/my_package/local_setup.zsh
[0.329s] -- Up-to-date symlink: /home/zajac/Documents/David/Davie-Robot-Arm/davie_ws/install/my_package/share/my_package/local_setup.dsv
[0.329s] -- Symlinking: /home/zajac/Documents/David/Davie-Robot-Arm/davie_ws/install/my_package/share/my_package/package.dsv
[0.335s] -- Up-to-date symlink: /home/zajac/Documents/David/Davie-Robot-Arm/davie_ws/install/my_package/share/ament_index/resource_index/packages/my_package
[0.336s] -- Up-to-date symlink: /home/zajac/Documents/David/Davie-Robot-Arm/davie_ws/install/my_package/share/my_package/cmake/my_packageConfig.cmake
[0.336s] -- Up-to-date symlink: /home/zajac/Documents/David/Davie-Robot-Arm/davie_ws/install/my_package/share/my_package/cmake/my_packageConfig-version.cmake
[0.336s] -- Up-to-date symlink: /home/zajac/Documents/David/Davie-Robot-Arm/davie_ws/install/my_package/share/my_package/package.xml
[0.338s] Invoked command in '/home/zajac/Documents/David/Davie-Robot-Arm/davie_ws/build/my_package' returned '0': CMAKE_PREFIX_PATH=/opt/ros/humble /usr/bin/cmake --install /home/zajac/Documents/David/Davie-Robot-Arm/davie_ws/build/my_package
