[0.148s] DEBUG:colcon:Command line arguments: ['/usr/bin/colcon', 'build']
[0.148s] DEBUG:colcon:Parsed command line arguments: Namespace(log_base=None, log_level=None, verb_name='build', build_base='build', install_base='install', merge_install=False, symlink_install=False, test_result_base=None, continue_on_error=False, executor='parallel', parallel_workers=12, event_handlers=None, ignore_user_meta=False, metas=['./colcon.meta'], base_paths=['.'], packages_ignore=None, packages_ignore_regex=None, paths=None, packages_up_to=None, packages_up_to_regex=None, packages_above=None, packages_above_and_dependencies=None, packages_above_depth=None, packages_select_by_dep=None, packages_skip_by_dep=None, packages_skip_up_to=None, packages_select_build_failed=False, packages_skip_build_finished=False, packages_select_test_failures=False, packages_skip_test_passed=False, packages_select=None, packages_skip=None, packages_select_regex=None, packages_skip_regex=None, packages_start=None, packages_end=None, allow_overriding=[], cmake_args=None, cmake_target=None, cmake_target_skip_unavailable=False, cmake_clean_cache=False, cmake_clean_first=False, cmake_force_configure=False, ament_cmake_args=None, catkin_cmake_args=None, catkin_skip_building_tests=False, mixin_files=None, mixin=None, verb_parser=<colcon_mixin.mixin.mixin_argument.MixinArgumentDecorator object at 0x7aedb342e020>, verb_extension=<colcon_core.verb.build.BuildVerb object at 0x7aedb3532fe0>, main=<bound method BuildVerb.main of <colcon_core.verb.build.BuildVerb object at 0x7aedb3532fe0>>, mixin_verb=('build',))
[0.372s] Level 1:colcon.colcon_core.package_discovery:discover_packages(colcon_meta) check parameters
[0.372s] Level 1:colcon.colcon_core.package_discovery:discover_packages(recursive) check parameters
[0.372s] Level 1:colcon.colcon_core.package_discovery:discover_packages(ignore) check parameters
[0.372s] Level 1:colcon.colcon_core.package_discovery:discover_packages(path) check parameters
[0.372s] Level 1:colcon.colcon_core.package_discovery:discover_packages(colcon_meta) discover
[0.372s] Level 1:colcon.colcon_core.package_discovery:discover_packages(recursive) discover
[0.372s] INFO:colcon.colcon_core.package_discovery:Crawling recursively for packages in '/home/zajac/Documents/David/Davie-Robot-Arm/davie_ws'
[0.372s] Level 1:colcon.colcon_core.package_identification:_identify(.) by extensions ['ignore', 'ignore_ament_install']
[0.372s] Level 1:colcon.colcon_core.package_identification:_identify(.) by extension 'ignore'
[0.372s] Level 1:colcon.colcon_core.package_identification:_identify(.) by extension 'ignore_ament_install'
[0.372s] Level 1:colcon.colcon_core.package_identification:_identify(.) by extensions ['colcon_pkg']
[0.372s] Level 1:colcon.colcon_core.package_identification:_identify(.) by extension 'colcon_pkg'
[0.372s] Level 1:colcon.colcon_core.package_identification:_identify(.) by extensions ['colcon_meta']
[0.372s] Level 1:colcon.colcon_core.package_identification:_identify(.) by extension 'colcon_meta'
[0.372s] Level 1:colcon.colcon_core.package_identification:_identify(.) by extensions ['ros']
[0.372s] Level 1:colcon.colcon_core.package_identification:_identify(.) by extension 'ros'
[0.379s] Level 1:colcon.colcon_core.package_identification:_identify(.) by extensions ['cmake', 'python']
[0.379s] Level 1:colcon.colcon_core.package_identification:_identify(.) by extension 'cmake'
[0.379s] Level 1:colcon.colcon_core.package_identification:_identify(.) by extension 'python'
[0.379s] Level 1:colcon.colcon_core.package_identification:_identify(.) by extensions ['python_setup_py']
[0.379s] Level 1:colcon.colcon_core.package_identification:_identify(.) by extension 'python_setup_py'
[0.379s] Level 1:colcon.colcon_core.package_identification:_identify(build) by extensions ['ignore', 'ignore_ament_install']
[0.379s] Level 1:colcon.colcon_core.package_identification:_identify(build) by extension 'ignore'
[0.379s] Level 1:colcon.colcon_core.package_identification:_identify(build) ignored
[0.379s] Level 1:colcon.colcon_core.package_identification:_identify(install) by extensions ['ignore', 'ignore_ament_install']
[0.379s] Level 1:colcon.colcon_core.package_identification:_identify(install) by extension 'ignore'
[0.379s] Level 1:colcon.colcon_core.package_identification:_identify(install) ignored
[0.379s] Level 1:colcon.colcon_core.package_identification:_identify(log) by extensions ['ignore', 'ignore_ament_install']
[0.379s] Level 1:colcon.colcon_core.package_identification:_identify(log) by extension 'ignore'
[0.380s] Level 1:colcon.colcon_core.package_identification:_identify(log) ignored
[0.380s] Level 1:colcon.colcon_core.package_identification:_identify(src) by extensions ['ignore', 'ignore_ament_install']
[0.380s] Level 1:colcon.colcon_core.package_identification:_identify(src) by extension 'ignore'
[0.380s] Level 1:colcon.colcon_core.package_identification:_identify(src) by extension 'ignore_ament_install'
[0.380s] Level 1:colcon.colcon_core.package_identification:_identify(src) by extensions ['colcon_pkg']
[0.380s] Level 1:colcon.colcon_core.package_identification:_identify(src) by extension 'colcon_pkg'
[0.380s] Level 1:colcon.colcon_core.package_identification:_identify(src) by extensions ['colcon_meta']
[0.380s] Level 1:colcon.colcon_core.package_identification:_identify(src) by extension 'colcon_meta'
[0.380s] Level 1:colcon.colcon_core.package_identification:_identify(src) by extensions ['ros']
[0.380s] Level 1:colcon.colcon_core.package_identification:_identify(src) by extension 'ros'
[0.380s] Level 1:colcon.colcon_core.package_identification:_identify(src) by extensions ['cmake', 'python']
[0.380s] Level 1:colcon.colcon_core.package_identification:_identify(src) by extension 'cmake'
[0.380s] Level 1:colcon.colcon_core.package_identification:_identify(src) by extension 'python'
[0.380s] Level 1:colcon.colcon_core.package_identification:_identify(src) by extensions ['python_setup_py']
[0.380s] Level 1:colcon.colcon_core.package_identification:_identify(src) by extension 'python_setup_py'
[0.380s] Level 1:colcon.colcon_core.package_identification:_identify(src/David_assembly_description) by extensions ['ignore', 'ignore_ament_install']
[0.380s] Level 1:colcon.colcon_core.package_identification:_identify(src/David_assembly_description) by extension 'ignore'
[0.380s] Level 1:colcon.colcon_core.package_identification:_identify(src/David_assembly_description) by extension 'ignore_ament_install'
[0.380s] Level 1:colcon.colcon_core.package_identification:_identify(src/David_assembly_description) by extensions ['colcon_pkg']
[0.380s] Level 1:colcon.colcon_core.package_identification:_identify(src/David_assembly_description) by extension 'colcon_pkg'
[0.380s] Level 1:colcon.colcon_core.package_identification:_identify(src/David_assembly_description) by extensions ['colcon_meta']
[0.380s] Level 1:colcon.colcon_core.package_identification:_identify(src/David_assembly_description) by extension 'colcon_meta'
[0.380s] Level 1:colcon.colcon_core.package_identification:_identify(src/David_assembly_description) by extensions ['ros']
[0.380s] Level 1:colcon.colcon_core.package_identification:_identify(src/David_assembly_description) by extension 'ros'
[0.382s] DEBUG:colcon.colcon_core.package_identification:Package 'src/David_assembly_description' with type 'ros.catkin' and name 'David_assembly_description'
[0.382s] Level 1:colcon.colcon_core.package_identification:_identify(src/my_package) by extensions ['ignore', 'ignore_ament_install']
[0.382s] Level 1:colcon.colcon_core.package_identification:_identify(src/my_package) by extension 'ignore'
[0.382s] Level 1:colcon.colcon_core.package_identification:_identify(src/my_package) by extension 'ignore_ament_install'
[0.382s] Level 1:colcon.colcon_core.package_identification:_identify(src/my_package) by extensions ['colcon_pkg']
[0.382s] Level 1:colcon.colcon_core.package_identification:_identify(src/my_package) by extension 'colcon_pkg'
[0.383s] Level 1:colcon.colcon_core.package_identification:_identify(src/my_package) by extensions ['colcon_meta']
[0.383s] Level 1:colcon.colcon_core.package_identification:_identify(src/my_package) by extension 'colcon_meta'
[0.383s] Level 1:colcon.colcon_core.package_identification:_identify(src/my_package) by extensions ['ros']
[0.383s] Level 1:colcon.colcon_core.package_identification:_identify(src/my_package) by extension 'ros'
[0.383s] DEBUG:colcon.colcon_core.package_identification:Package 'src/my_package' with type 'ros.ament_cmake' and name 'my_package'
[0.383s] Level 1:colcon.colcon_core.package_identification:_identify(src/simulation) by extensions ['ignore', 'ignore_ament_install']
[0.383s] Level 1:colcon.colcon_core.package_identification:_identify(src/simulation) by extension 'ignore'
[0.383s] Level 1:colcon.colcon_core.package_identification:_identify(src/simulation) by extension 'ignore_ament_install'
[0.383s] Level 1:colcon.colcon_core.package_identification:_identify(src/simulation) by extensions ['colcon_pkg']
[0.383s] Level 1:colcon.colcon_core.package_identification:_identify(src/simulation) by extension 'colcon_pkg'
[0.383s] Level 1:colcon.colcon_core.package_identification:_identify(src/simulation) by extensions ['colcon_meta']
[0.383s] Level 1:colcon.colcon_core.package_identification:_identify(src/simulation) by extension 'colcon_meta'
[0.383s] Level 1:colcon.colcon_core.package_identification:_identify(src/simulation) by extensions ['ros']
[0.383s] Level 1:colcon.colcon_core.package_identification:_identify(src/simulation) by extension 'ros'
[0.384s] DEBUG:colcon.colcon_core.package_identification:Package 'src/simulation' with type 'ros.ament_cmake' and name 'simulation'
[0.384s] Level 1:colcon.colcon_core.package_discovery:discover_packages(recursive) using defaults
[0.384s] Level 1:colcon.colcon_core.package_discovery:discover_packages(ignore) discover
[0.384s] Level 1:colcon.colcon_core.package_discovery:discover_packages(ignore) using defaults
[0.384s] Level 1:colcon.colcon_core.package_discovery:discover_packages(path) discover
[0.384s] Level 1:colcon.colcon_core.package_discovery:discover_packages(path) using defaults
[0.414s] Level 1:colcon.colcon_core.package_discovery:discover_packages(prefix_path) check parameters
[0.414s] Level 1:colcon.colcon_core.package_discovery:discover_packages(prefix_path) discover
[0.418s] DEBUG:colcon.colcon_installed_package_information.package_discovery:Found 273 installed packages in /opt/ros/humble
[0.419s] Level 1:colcon.colcon_core.package_discovery:discover_packages(prefix_path) using defaults
[0.441s] Level 5:colcon.colcon_core.verb:set package 'David_assembly_description' build argument 'cmake_args' from command line to 'None'
[0.441s] Level 5:colcon.colcon_core.verb:set package 'David_assembly_description' build argument 'cmake_target' from command line to 'None'
[0.441s] Level 5:colcon.colcon_core.verb:set package 'David_assembly_description' build argument 'cmake_target_skip_unavailable' from command line to 'False'
[0.441s] Level 5:colcon.colcon_core.verb:set package 'David_assembly_description' build argument 'cmake_clean_cache' from command line to 'False'
[0.441s] Level 5:colcon.colcon_core.verb:set package 'David_assembly_description' build argument 'cmake_clean_first' from command line to 'False'
[0.442s] Level 5:colcon.colcon_core.verb:set package 'David_assembly_description' build argument 'cmake_force_configure' from command line to 'False'
[0.442s] Level 5:colcon.colcon_core.verb:set package 'David_assembly_description' build argument 'ament_cmake_args' from command line to 'None'
[0.442s] Level 5:colcon.colcon_core.verb:set package 'David_assembly_description' build argument 'catkin_cmake_args' from command line to 'None'
[0.442s] Level 5:colcon.colcon_core.verb:set package 'David_assembly_description' build argument 'catkin_skip_building_tests' from command line to 'False'
[0.442s] DEBUG:colcon.colcon_core.verb:Building package 'David_assembly_description' with the following arguments: {'ament_cmake_args': None, 'build_base': '/home/zajac/Documents/David/Davie-Robot-Arm/davie_ws/build/David_assembly_description', 'catkin_cmake_args': None, 'catkin_skip_building_tests': False, 'cmake_args': None, 'cmake_clean_cache': False, 'cmake_clean_first': False, 'cmake_force_configure': False, 'cmake_target': None, 'cmake_target_skip_unavailable': False, 'install_base': '/home/zajac/Documents/David/Davie-Robot-Arm/davie_ws/install/David_assembly_description', 'merge_install': False, 'path': '/home/zajac/Documents/David/Davie-Robot-Arm/davie_ws/src/David_assembly_description', 'symlink_install': False, 'test_result_base': None}
[0.442s] Level 5:colcon.colcon_core.verb:set package 'my_package' build argument 'cmake_args' from command line to 'None'
[0.442s] Level 5:colcon.colcon_core.verb:set package 'my_package' build argument 'cmake_target' from command line to 'None'
[0.442s] Level 5:colcon.colcon_core.verb:set package 'my_package' build argument 'cmake_target_skip_unavailable' from command line to 'False'
[0.442s] Level 5:colcon.colcon_core.verb:set package 'my_package' build argument 'cmake_clean_cache' from command line to 'False'
[0.442s] Level 5:colcon.colcon_core.verb:set package 'my_package' build argument 'cmake_clean_first' from command line to 'False'
[0.442s] Level 5:colcon.colcon_core.verb:set package 'my_package' build argument 'cmake_force_configure' from command line to 'False'
[0.442s] Level 5:colcon.colcon_core.verb:set package 'my_package' build argument 'ament_cmake_args' from command line to 'None'
[0.442s] Level 5:colcon.colcon_core.verb:set package 'my_package' build argument 'catkin_cmake_args' from command line to 'None'
[0.442s] Level 5:colcon.colcon_core.verb:set package 'my_package' build argument 'catkin_skip_building_tests' from command line to 'False'
[0.442s] DEBUG:colcon.colcon_core.verb:Building package 'my_package' with the following arguments: {'ament_cmake_args': None, 'build_base': '/home/zajac/Documents/David/Davie-Robot-Arm/davie_ws/build/my_package', 'catkin_cmake_args': None, 'catkin_skip_building_tests': False, 'cmake_args': None, 'cmake_clean_cache': False, 'cmake_clean_first': False, 'cmake_force_configure': False, 'cmake_target': None, 'cmake_target_skip_unavailable': False, 'install_base': '/home/zajac/Documents/David/Davie-Robot-Arm/davie_ws/install/my_package', 'merge_install': False, 'path': '/home/zajac/Documents/David/Davie-Robot-Arm/davie_ws/src/my_package', 'symlink_install': False, 'test_result_base': None}
[0.442s] Level 5:colcon.colcon_core.verb:set package 'simulation' build argument 'cmake_args' from command line to 'None'
[0.442s] Level 5:colcon.colcon_core.verb:set package 'simulation' build argument 'cmake_target' from command line to 'None'
[0.442s] Level 5:colcon.colcon_core.verb:set package 'simulation' build argument 'cmake_target_skip_unavailable' from command line to 'False'
[0.442s] Level 5:colcon.colcon_core.verb:set package 'simulation' build argument 'cmake_clean_cache' from command line to 'False'
[0.442s] Level 5:colcon.colcon_core.verb:set package 'simulation' build argument 'cmake_clean_first' from command line to 'False'
[0.442s] Level 5:colcon.colcon_core.verb:set package 'simulation' build argument 'cmake_force_configure' from command line to 'False'
[0.442s] Level 5:colcon.colcon_core.verb:set package 'simulation' build argument 'ament_cmake_args' from command line to 'None'
[0.442s] Level 5:colcon.colcon_core.verb:set package 'simulation' build argument 'catkin_cmake_args' from command line to 'None'
[0.442s] Level 5:colcon.colcon_core.verb:set package 'simulation' build argument 'catkin_skip_building_tests' from command line to 'False'
[0.442s] DEBUG:colcon.colcon_core.verb:Building package 'simulation' with the following arguments: {'ament_cmake_args': None, 'build_base': '/home/zajac/Documents/David/Davie-Robot-Arm/davie_ws/build/simulation', 'catkin_cmake_args': None, 'catkin_skip_building_tests': False, 'cmake_args': None, 'cmake_clean_cache': False, 'cmake_clean_first': False, 'cmake_force_configure': False, 'cmake_target': None, 'cmake_target_skip_unavailable': False, 'install_base': '/home/zajac/Documents/David/Davie-Robot-Arm/davie_ws/install/simulation', 'merge_install': False, 'path': '/home/zajac/Documents/David/Davie-Robot-Arm/davie_ws/src/simulation', 'symlink_install': False, 'test_result_base': None}
[0.442s] INFO:colcon.colcon_core.executor:Executing jobs using 'parallel' executor
[0.443s] DEBUG:colcon.colcon_parallel_executor.executor.parallel:run_until_complete
[0.443s] INFO:colcon.colcon_ros.task.catkin.build:Building ROS package in '/home/zajac/Documents/David/Davie-Robot-Arm/davie_ws/src/David_assembly_description' with build type 'catkin'
[0.443s] INFO:colcon.colcon_cmake.task.cmake.build:Building CMake package in '/home/zajac/Documents/David/Davie-Robot-Arm/davie_ws/src/David_assembly_description'
[0.449s] INFO:colcon.colcon_core.plugin_system:Skipping extension 'colcon_core.shell.bat': Not used on non-Windows systems
[0.449s] INFO:colcon.colcon_core.shell:Skip shell extension 'powershell' for command environment: Not usable outside of PowerShell
[0.449s] DEBUG:colcon.colcon_core.shell:Skip shell extension 'dsv' for command environment
[0.451s] INFO:colcon.colcon_ros.task.ament_cmake.build:Building ROS package in '/home/zajac/Documents/David/Davie-Robot-Arm/davie_ws/src/my_package' with build type 'ament_cmake'
[0.451s] INFO:colcon.colcon_cmake.task.cmake.build:Building CMake package in '/home/zajac/Documents/David/Davie-Robot-Arm/davie_ws/src/my_package'
[0.451s] INFO:colcon.colcon_core.shell:Skip shell extension 'powershell' for command environment: Not usable outside of PowerShell
[0.451s] DEBUG:colcon.colcon_core.shell:Skip shell extension 'dsv' for command environment
[0.453s] INFO:colcon.colcon_ros.task.ament_cmake.build:Building ROS package in '/home/zajac/Documents/David/Davie-Robot-Arm/davie_ws/src/simulation' with build type 'ament_cmake'
[0.453s] INFO:colcon.colcon_cmake.task.cmake.build:Building CMake package in '/home/zajac/Documents/David/Davie-Robot-Arm/davie_ws/src/simulation'
[0.453s] INFO:colcon.colcon_core.shell:Skip shell extension 'powershell' for command environment: Not usable outside of PowerShell
[0.453s] DEBUG:colcon.colcon_core.shell:Skip shell extension 'dsv' for command environment
[0.457s] DEBUG:colcon.colcon_core.event_handler.log_command:Invoking command in '/home/zajac/Documents/David/Davie-Robot-Arm/davie_ws/build/David_assembly_description': /usr/bin/cmake /home/zajac/Documents/David/Davie-Robot-Arm/davie_ws/src/David_assembly_description -DCATKIN_INSTALL_INTO_PREFIX_ROOT=0 -DCMAKE_INSTALL_PREFIX=/home/zajac/Documents/David/Davie-Robot-Arm/davie_ws/install/David_assembly_description
[0.469s] DEBUG:colcon.colcon_core.event_handler.log_command:Invoking command in '/home/zajac/Documents/David/Davie-Robot-Arm/davie_ws/build/my_package': CMAKE_PREFIX_PATH=/opt/ros/humble /usr/bin/cmake /home/zajac/Documents/David/Davie-Robot-Arm/davie_ws/src/my_package -DCMAKE_INSTALL_PREFIX=/home/zajac/Documents/David/Davie-Robot-Arm/davie_ws/install/my_package
[0.471s] DEBUG:colcon.colcon_core.event_handler.log_command:Invoking command in '/home/zajac/Documents/David/Davie-Robot-Arm/davie_ws/build/simulation': CMAKE_PREFIX_PATH=/opt/ros/humble /usr/bin/cmake /home/zajac/Documents/David/Davie-Robot-Arm/davie_ws/src/simulation -DCMAKE_INSTALL_PREFIX=/home/zajac/Documents/David/Davie-Robot-Arm/davie_ws/install/simulation
[0.738s] DEBUG:colcon.colcon_core.event_handler.log_command:Invoked command in '/home/zajac/Documents/David/Davie-Robot-Arm/davie_ws/build/my_package' returned '0': CMAKE_PREFIX_PATH=/opt/ros/humble /usr/bin/cmake /home/zajac/Documents/David/Davie-Robot-Arm/davie_ws/src/my_package -DCMAKE_INSTALL_PREFIX=/home/zajac/Documents/David/Davie-Robot-Arm/davie_ws/install/my_package
[0.739s] DEBUG:colcon.colcon_core.event_handler.log_command:Invoking command in '/home/zajac/Documents/David/Davie-Robot-Arm/davie_ws/build/my_package': CMAKE_PREFIX_PATH=/opt/ros/humble /usr/bin/cmake --build /home/zajac/Documents/David/Davie-Robot-Arm/davie_ws/build/my_package -- -j12 -l12
[0.763s] DEBUG:colcon.colcon_core.event_handler.log_command:Invoked command in '/home/zajac/Documents/David/Davie-Robot-Arm/davie_ws/build/my_package' returned '0': CMAKE_PREFIX_PATH=/opt/ros/humble /usr/bin/cmake --build /home/zajac/Documents/David/Davie-Robot-Arm/davie_ws/build/my_package -- -j12 -l12
[0.770s] DEBUG:colcon.colcon_core.event_handler.log_command:Invoking command in '/home/zajac/Documents/David/Davie-Robot-Arm/davie_ws/build/my_package': CMAKE_PREFIX_PATH=/opt/ros/humble /usr/bin/cmake --install /home/zajac/Documents/David/Davie-Robot-Arm/davie_ws/build/my_package
[0.787s] DEBUG:colcon.colcon_core.event_handler.log_command:Invoked command in '/home/zajac/Documents/David/Davie-Robot-Arm/davie_ws/build/David_assembly_description' returned '1': /usr/bin/cmake /home/zajac/Documents/David/Davie-Robot-Arm/davie_ws/src/David_assembly_description -DCATKIN_INSTALL_INTO_PREFIX_ROOT=0 -DCMAKE_INSTALL_PREFIX=/home/zajac/Documents/David/Davie-Robot-Arm/davie_ws/install/David_assembly_description
[0.789s] Level 1:colcon.colcon_core.environment:create_environment_scripts_only(my_package)
[0.789s] DEBUG:colcon.colcon_core.event_handler.log_command:Invoked command in '/home/zajac/Documents/David/Davie-Robot-Arm/davie_ws/build/my_package' returned '0': CMAKE_PREFIX_PATH=/opt/ros/humble /usr/bin/cmake --install /home/zajac/Documents/David/Davie-Robot-Arm/davie_ws/build/my_package
[0.797s] Level 1:colcon.colcon_core.environment:checking '/home/zajac/Documents/David/Davie-Robot-Arm/davie_ws/install/my_package' for CMake module files
[0.797s] Level 1:colcon.colcon_core.environment:checking '/home/zajac/Documents/David/Davie-Robot-Arm/davie_ws/install/my_package' for CMake config files
[0.798s] Level 1:colcon.colcon_core.shell:create_environment_hook('my_package', 'cmake_prefix_path')
[0.798s] INFO:colcon.colcon_core.shell:Creating environment hook '/home/zajac/Documents/David/Davie-Robot-Arm/davie_ws/install/my_package/share/my_package/hook/cmake_prefix_path.ps1'
[0.799s] INFO:colcon.colcon_core.shell:Creating environment descriptor '/home/zajac/Documents/David/Davie-Robot-Arm/davie_ws/install/my_package/share/my_package/hook/cmake_prefix_path.dsv'
[0.800s] INFO:colcon.colcon_core.shell:Creating environment hook '/home/zajac/Documents/David/Davie-Robot-Arm/davie_ws/install/my_package/share/my_package/hook/cmake_prefix_path.sh'
[0.801s] Level 1:colcon.colcon_core.environment:checking '/home/zajac/Documents/David/Davie-Robot-Arm/davie_ws/install/my_package/bin'
[0.801s] Level 1:colcon.colcon_core.environment:checking '/home/zajac/Documents/David/Davie-Robot-Arm/davie_ws/install/my_package/lib/pkgconfig/my_package.pc'
[0.801s] Level 1:colcon.colcon_core.environment:checking '/home/zajac/Documents/David/Davie-Robot-Arm/davie_ws/install/my_package/lib/python3.10/site-packages'
[0.801s] Level 1:colcon.colcon_core.environment:checking '/home/zajac/Documents/David/Davie-Robot-Arm/davie_ws/install/my_package/bin'
[0.801s] INFO:colcon.colcon_core.shell:Creating package script '/home/zajac/Documents/David/Davie-Robot-Arm/davie_ws/install/my_package/share/my_package/package.ps1'
[0.802s] INFO:colcon.colcon_core.shell:Creating package descriptor '/home/zajac/Documents/David/Davie-Robot-Arm/davie_ws/install/my_package/share/my_package/package.dsv'
[0.803s] INFO:colcon.colcon_core.shell:Creating package script '/home/zajac/Documents/David/Davie-Robot-Arm/davie_ws/install/my_package/share/my_package/package.sh'
[0.803s] INFO:colcon.colcon_core.shell:Creating package script '/home/zajac/Documents/David/Davie-Robot-Arm/davie_ws/install/my_package/share/my_package/package.bash'
[0.805s] INFO:colcon.colcon_core.shell:Creating package script '/home/zajac/Documents/David/Davie-Robot-Arm/davie_ws/install/my_package/share/my_package/package.zsh'
[0.806s] Level 1:colcon.colcon_core.environment:create_file_with_runtime_dependencies(/home/zajac/Documents/David/Davie-Robot-Arm/davie_ws/install/my_package/share/colcon-core/packages/my_package)
[0.806s] Level 1:colcon.colcon_core.environment:create_environment_scripts_only(my_package)
[0.807s] Level 1:colcon.colcon_core.environment:checking '/home/zajac/Documents/David/Davie-Robot-Arm/davie_ws/install/my_package' for CMake module files
[0.807s] Level 1:colcon.colcon_core.environment:checking '/home/zajac/Documents/David/Davie-Robot-Arm/davie_ws/install/my_package' for CMake config files
[0.807s] Level 1:colcon.colcon_core.shell:create_environment_hook('my_package', 'cmake_prefix_path')
[0.807s] INFO:colcon.colcon_core.shell:Creating environment hook '/home/zajac/Documents/David/Davie-Robot-Arm/davie_ws/install/my_package/share/my_package/hook/cmake_prefix_path.ps1'
[0.807s] INFO:colcon.colcon_core.shell:Creating environment descriptor '/home/zajac/Documents/David/Davie-Robot-Arm/davie_ws/install/my_package/share/my_package/hook/cmake_prefix_path.dsv'
[0.808s] INFO:colcon.colcon_core.shell:Creating environment hook '/home/zajac/Documents/David/Davie-Robot-Arm/davie_ws/install/my_package/share/my_package/hook/cmake_prefix_path.sh'
[0.808s] Level 1:colcon.colcon_core.environment:checking '/home/zajac/Documents/David/Davie-Robot-Arm/davie_ws/install/my_package/bin'
[0.808s] Level 1:colcon.colcon_core.environment:checking '/home/zajac/Documents/David/Davie-Robot-Arm/davie_ws/install/my_package/lib/pkgconfig/my_package.pc'
[0.808s] Level 1:colcon.colcon_core.environment:checking '/home/zajac/Documents/David/Davie-Robot-Arm/davie_ws/install/my_package/lib/python3.10/site-packages'
[0.808s] Level 1:colcon.colcon_core.environment:checking '/home/zajac/Documents/David/Davie-Robot-Arm/davie_ws/install/my_package/bin'
[0.809s] INFO:colcon.colcon_core.shell:Creating package script '/home/zajac/Documents/David/Davie-Robot-Arm/davie_ws/install/my_package/share/my_package/package.ps1'
[0.809s] INFO:colcon.colcon_core.shell:Creating package descriptor '/home/zajac/Documents/David/Davie-Robot-Arm/davie_ws/install/my_package/share/my_package/package.dsv'
[0.809s] INFO:colcon.colcon_core.shell:Creating package script '/home/zajac/Documents/David/Davie-Robot-Arm/davie_ws/install/my_package/share/my_package/package.sh'
[0.809s] INFO:colcon.colcon_core.shell:Creating package script '/home/zajac/Documents/David/Davie-Robot-Arm/davie_ws/install/my_package/share/my_package/package.bash'
[0.810s] INFO:colcon.colcon_core.shell:Creating package script '/home/zajac/Documents/David/Davie-Robot-Arm/davie_ws/install/my_package/share/my_package/package.zsh'
[0.810s] Level 1:colcon.colcon_core.environment:create_file_with_runtime_dependencies(/home/zajac/Documents/David/Davie-Robot-Arm/davie_ws/install/my_package/share/colcon-core/packages/my_package)
[0.811s] Level 1:colcon.colcon_core.environment:create_environment_scripts_only(David_assembly_description)
[0.811s] Level 1:colcon.colcon_core.environment:checking '/home/zajac/Documents/David/Davie-Robot-Arm/davie_ws/install/David_assembly_description' for CMake module files
[0.811s] Level 1:colcon.colcon_core.environment:checking '/home/zajac/Documents/David/Davie-Robot-Arm/davie_ws/install/David_assembly_description' for CMake config files
[0.811s] Level 1:colcon.colcon_core.environment:checking '/home/zajac/Documents/David/Davie-Robot-Arm/davie_ws/install/David_assembly_description/bin'
[0.811s] Level 1:colcon.colcon_core.environment:checking '/home/zajac/Documents/David/Davie-Robot-Arm/davie_ws/install/David_assembly_description/lib/pkgconfig/David_assembly_description.pc'
[0.811s] Level 1:colcon.colcon_core.environment:checking '/home/zajac/Documents/David/Davie-Robot-Arm/davie_ws/install/David_assembly_description/lib/python3.10/site-packages'
[0.811s] Level 1:colcon.colcon_core.environment:checking '/home/zajac/Documents/David/Davie-Robot-Arm/davie_ws/install/David_assembly_description/bin'
[0.812s] INFO:colcon.colcon_core.shell:Creating package script '/home/zajac/Documents/David/Davie-Robot-Arm/davie_ws/install/David_assembly_description/share/David_assembly_description/package.ps1'
[0.812s] INFO:colcon.colcon_core.shell:Creating package descriptor '/home/zajac/Documents/David/Davie-Robot-Arm/davie_ws/install/David_assembly_description/share/David_assembly_description/package.dsv'
[0.812s] INFO:colcon.colcon_core.shell:Creating package script '/home/zajac/Documents/David/Davie-Robot-Arm/davie_ws/install/David_assembly_description/share/David_assembly_description/package.sh'
[0.812s] INFO:colcon.colcon_core.shell:Creating package script '/home/zajac/Documents/David/Davie-Robot-Arm/davie_ws/install/David_assembly_description/share/David_assembly_description/package.bash'
[0.813s] INFO:colcon.colcon_core.shell:Creating package script '/home/zajac/Documents/David/Davie-Robot-Arm/davie_ws/install/David_assembly_description/share/David_assembly_description/package.zsh'
[0.813s] Level 1:colcon.colcon_core.environment:create_file_with_runtime_dependencies(/home/zajac/Documents/David/Davie-Robot-Arm/davie_ws/install/David_assembly_description/share/colcon-core/packages/David_assembly_description)
[0.992s] DEBUG:colcon.colcon_parallel_executor.executor.parallel:closing loop
[0.992s] DEBUG:colcon.colcon_parallel_executor.executor.parallel:loop closed
[0.992s] DEBUG:colcon.colcon_parallel_executor.executor.parallel:run_until_complete finished with '1'
[0.992s] DEBUG:colcon.colcon_core.event_reactor:joining thread
[1.000s] INFO:colcon.colcon_core.plugin_system:Skipping extension 'colcon_notification.desktop_notification.terminal_notifier': Not used on non-Darwin systems
[1.000s] INFO:colcon.colcon_core.plugin_system:Skipping extension 'colcon_notification.desktop_notification.win32': Not used on non-Windows systems
[1.000s] INFO:colcon.colcon_notification.desktop_notification:Sending desktop notification using 'notify2'
[1.016s] DEBUG:colcon.colcon_core.event_reactor:joined thread
[1.017s] INFO:colcon.colcon_core.shell:Creating prefix script '/home/zajac/Documents/David/Davie-Robot-Arm/davie_ws/install/local_setup.ps1'
[1.018s] INFO:colcon.colcon_core.shell:Creating prefix util module '/home/zajac/Documents/David/Davie-Robot-Arm/davie_ws/install/_local_setup_util_ps1.py'
[1.019s] INFO:colcon.colcon_core.shell:Creating prefix chain script '/home/zajac/Documents/David/Davie-Robot-Arm/davie_ws/install/setup.ps1'
[1.020s] INFO:colcon.colcon_core.shell:Creating prefix script '/home/zajac/Documents/David/Davie-Robot-Arm/davie_ws/install/local_setup.sh'
[1.021s] INFO:colcon.colcon_core.shell:Creating prefix util module '/home/zajac/Documents/David/Davie-Robot-Arm/davie_ws/install/_local_setup_util_sh.py'
[1.021s] INFO:colcon.colcon_core.shell:Creating prefix chain script '/home/zajac/Documents/David/Davie-Robot-Arm/davie_ws/install/setup.sh'
[1.022s] INFO:colcon.colcon_core.shell:Creating prefix script '/home/zajac/Documents/David/Davie-Robot-Arm/davie_ws/install/local_setup.bash'
[1.023s] INFO:colcon.colcon_core.shell:Creating prefix chain script '/home/zajac/Documents/David/Davie-Robot-Arm/davie_ws/install/setup.bash'
[1.024s] INFO:colcon.colcon_core.shell:Creating prefix script '/home/zajac/Documents/David/Davie-Robot-Arm/davie_ws/install/local_setup.zsh'
[1.024s] INFO:colcon.colcon_core.shell:Creating prefix chain script '/home/zajac/Documents/David/Davie-Robot-Arm/davie_ws/install/setup.zsh'
